11111111 111111111
11111111 1111111
11111111 1111111111
11111111 111111111
11111111 1111111111
    
1111 11111111111111111111 1111 11111111 11111 11111 111 11111 11111 111 11111 11111 111 11111111 1
    1111111111 111111111111
    111 1111111
    1111 1111111
    1
        1111111111 1111111111
        1111111111 111111111
    
        1111111111111111111111 11111111111
        11111111111 
        111111 1 11111111111111
        11111111111 1 1111 1 1111111
        111111111   1 11111111111 1 111111 1 11
        11 11111 11 1111111 111111111 1 11111111111
    
        11 11111 11 1111111
            111111111 11 11111111
    
        111111 1  111111111 1 11111111111 1 11
    
        11111 1 1111111 1111111 1 11111111111111111
    

        1111111111111111111111111 111111111111 111111 1111111 111111111 1111111111111111111
        1111111111111 1 11111
    1
    
    
    111 11111111111 1111111111111111
    22 22222 22 22 2
        222222222222222222222 22 22222 22222222222
        22222222222
    2
    22 22222 22 2222222 2
        2222222222222222
        2222222222222222222 22 22222 222222222
    2
    222222 2 222222222222222222
    
    22 222 22222222222


    222 2222 22222222222 2222222222 2222 2
        2222 2 2 222222222
        22222222 2 2 2222222222 2 2 2 222 2 2222222222 22
        22 22222222 2 22

        22 2222222222222 22 2222222222 2 2 2 22
    2

    22 2222222 2222 2222 2222 2
    22   2222222222 2222 222222222222
    22 2

    
    222222222222222222222222222 22222222222222222222222222222222222222222222222 2222222222222222222 2222222 222222222 2222222222222222222
    
    2222222
2
    
222 22222222 22222 2222 2222222 2
    
    22222222 222 2222
    222 22222 22222
    222 22222
    22222 222 2222222 2 2222
    
    222222222222222 2222222
    22222222222222222222222222222 2222222
    33333333333333333333333333333 3333333
    
    33 33333 33 33 3
        33 33333 33 33 333333333333333 3333333 33 3333333333 333333333333333 333333333
        333333333333333
        33333333
    3
    
    3333 3 33333333333333333333333333333 33333333 3333333333333333 33333333333333 33333
    33 333333 3
        33 33333 33 33 333333333333333 3333 33333333 3333 3333 333333 33333333 333333333
        333333333333333
        33333333
    3
    
    3333 3 33333333333333333333333333333 33333333 33333333333333333333333333333333 33333333333333 333333
    33 333333 3
        33 33333 33 33 333333333333333 3333 33333333 3333 333333 3333 333333 33333333 333333333
        333333333333333
        33333333
    3
    
    3333333333333333 33333 33333 33333 333333333
    
    33333333333333333333
    333333333333333333333
    
    333333333333333
    333333 33
